[ Time: ] 
Every second should be created. 2020-07-22 23:40:38
[ Params: ]
num_layers: 2, model_dim: 512, num_heads: 8, ffn_dim: 2048, dropout: 0.2, lr: 1e-09
[ Epoch:     0] 
  - (Train) loss:  5.98203, ppl:  396.24565, accu: 15.408, elapse: 1.709 min 
  - (Valid) loss:  5.64061, ppl:  281.63547, accu: 17.687, elapse: 0.032 min 
[ Epoch:     1] 
  - (Train) loss:  5.57247, ppl:  263.08206, accu: 18.025, elapse: 1.686 min 
  - (Valid) loss:  5.50731, ppl:  246.48724, accu: 19.132, elapse: 0.032 min 
[ Epoch:     2] 
  - (Train) loss:  5.43102, ppl:  228.38197, accu: 19.269, elapse: 1.706 min 
  - (Valid) loss:  5.40704, ppl:  222.97118, accu: 19.788, elapse: 0.032 min 
[ Epoch:     3] 
  - (Train) loss:  5.33335, ppl:  207.13109, accu: 20.136, elapse: 1.679 min 
  - (Valid) loss:  5.36072, ppl:  212.87785, accu: 20.448, elapse: 0.032 min 
[ Epoch:     4] 
  - (Train) loss:  5.26916, ppl:  194.25303, accu: 20.697, elapse: 1.692 min 
  - (Valid) loss:  5.34674, ppl:  209.92351, accu: 21.012, elapse: 0.032 min 
[ Epoch:     5] 
  - (Train) loss:  5.22788, ppl:  186.39728, accu: 21.095, elapse: 1.699 min 
  - (Valid) loss:  5.30645, ppl:  201.63406, accu: 20.994, elapse: 0.032 min 
[ Epoch:     6] 
  - (Train) loss:  5.18429, ppl:  178.44629, accu: 21.508, elapse: 1.710 min 
  - (Valid) loss:  5.29478, ppl:  199.29338, accu: 21.618, elapse: 0.032 min 
[ Epoch:     7] 
  - (Train) loss:  5.13908, ppl:  170.55854, accu: 21.844, elapse: 1.671 min 
  - (Valid) loss:  5.27361, ppl:  195.11959, accu: 21.543, elapse: 0.032 min 
[ Epoch:     8] 
  - (Train) loss:  5.09830, ppl:  163.74261, accu: 22.225, elapse: 1.683 min 
  - (Valid) loss:  5.25964, ppl:  192.41139, accu: 21.570, elapse: 0.033 min 
[ Epoch:     9] 
  - (Train) loss:  5.06126, ppl:  157.78935, accu: 22.492, elapse: 1.694 min 
  - (Valid) loss:  5.24853, ppl:  190.28569, accu: 22.142, elapse: 0.032 min 
[ Epoch:    10] 
  - (Train) loss:  5.03318, ppl:  153.41988, accu: 22.757, elapse: 1.668 min 
  - (Valid) loss:  5.25442, ppl:  191.40987, accu: 22.093, elapse: 0.032 min 
[ Epoch:    11] 
  - (Train) loss:  5.01545, ppl:  150.72467, accu: 22.937, elapse: 1.721 min 
  - (Valid) loss:  5.22734, ppl:  186.29729, accu: 22.040, elapse: 0.032 min 
[ Epoch:    12] 
  - (Train) loss:  4.99729, ppl:  148.01185, accu: 23.190, elapse: 1.656 min 
  - (Valid) loss:  5.25277, ppl:  191.09464, accu: 22.384, elapse: 0.032 min 
[ Epoch:    13] 
  - (Train) loss:  4.98400, ppl:  146.05797, accu: 23.295, elapse: 1.700 min 
  - (Valid) loss:  5.24032, ppl:  188.73103, accu: 22.337, elapse: 0.032 min 
[ Epoch:    14] 
  - (Train) loss:  4.96858, ppl:  143.82268, accu: 23.457, elapse: 1.676 min 
  - (Valid) loss:  5.23692, ppl:  188.08964, accu: 22.404, elapse: 0.032 min 
[ Epoch:    15] 
  - (Train) loss:  4.95434, ppl:  141.78886, accu: 23.639, elapse: 1.700 min 
  - (Valid) loss:  5.22698, ppl:  186.22922, accu: 22.479, elapse: 0.032 min 
[ Epoch:    16] 
  - (Train) loss:  4.94161, ppl:  139.99576, accu: 23.752, elapse: 1.687 min 
  - (Valid) loss:  5.22787, ppl:  186.39609, accu: 22.404, elapse: 0.032 min 
[ Epoch:    17] 
  - (Train) loss:  4.92856, ppl:  138.17977, accu: 23.862, elapse: 1.694 min 
  - (Valid) loss:  5.22255, ppl:  185.40634, accu: 22.451, elapse: 0.032 min 
[ Epoch:    18] 
  - (Train) loss:  4.91591, ppl:  136.44379, accu: 24.009, elapse: 1.694 min 
  - (Valid) loss:  5.21174, ppl:  183.41211, accu: 22.505, elapse: 0.032 min 
[ Epoch:    19] 
  - (Train) loss:  4.90079, ppl:  134.39537, accu: 24.144, elapse: 1.682 min 
  - (Valid) loss:  5.23302, ppl:  187.35726, accu: 22.641, elapse: 0.034 min 
[ Test: ]   loss:  5.15338, ppl:  173.01507, accu: 22.445 